Using pre-set license
Built from '2021.1/release' branch; Version is '2021.1.0f1 (61a549675243) revision 6399305'; Using compiler version '192528614'; Build Type 'Release'
OS: 'Windows 10 Home Single Language; OS build 19041.928; Version 2004; 64bit' Language: 'es' Physical Memory: 15789 MB
BatchMode: 1, IsHumanControllingUs: 0, StartBugReporterOnCrash: 0, Is64bit: 1, IsPro: 0

 COMMAND LINE ARGUMENTS:
C:\Program Files\Unity\Hub\Editor\2021.1.0f1\Editor\Unity.exe
-adb2
-batchMode
-noUpm
-name
AssetImportWorker0
-projectPath
D:/Desarrollos/Unity/Bullet Hell Prototype
-logFile
Logs/AssetImportWorker0.log
-srvPort
63816
Successfully changed project path to: D:/Desarrollos/Unity/Bullet Hell Prototype
D:/Desarrollos/Unity/Bullet Hell Prototype
Using Asset Import Pipeline V2.
Refreshing native plugins compatible for Editor in 65.89 ms, found 1 plugins.
Preloading 0 native plugins for Editor in 0.00 ms.
Initialize engine version: 2021.1.0f1 (61a549675243)
[Subsystems] Discovering subsystems at path C:/Program Files/Unity/Hub/Editor/2021.1.0f1/Editor/Data/Resources/UnitySubsystems
[Subsystems] Discovering subsystems at path D:/Desarrollos/Unity/Bullet Hell Prototype/Assets
GfxDevice: creating device client; threaded=0; jobified=0
Direct3D:
    Version:  Direct3D 11.0 [level 11.1]
    Renderer: NVIDIA GeForce GTX 1660 Ti (ID=0x2191)
    Vendor:   NVIDIA
    VRAM:     5991 MB
    Driver:   27.21.14.6192
Initialize mono
Mono path[0] = 'C:/Program Files/Unity/Hub/Editor/2021.1.0f1/Editor/Data/Managed'
Mono path[1] = 'C:/Program Files/Unity/Hub/Editor/2021.1.0f1/Editor/Data/MonoBleedingEdge/lib/mono/unityjit'
Mono config path = 'C:/Program Files/Unity/Hub/Editor/2021.1.0f1/Editor/Data/MonoBleedingEdge/etc'
Using monoOptions --debugger-agent=transport=dt_socket,embedding=1,server=y,suspend=n,address=127.0.0.1:56392
Begin MonoManager ReloadAssembly
Registering precompiled unity dll's ...
Register platform support module: C:/Program Files/Unity/Hub/Editor/2021.1.0f1/Editor/Data/PlaybackEngines/WebGLSupport/UnityEditor.WebGL.Extensions.dll
Register platform support module: C:/Program Files/Unity/Hub/Editor/2021.1.0f1/Editor/Data/PlaybackEngines/WindowsStandaloneSupport/UnityEditor.WindowsStandalone.Extensions.dll
Registered in 0.002370 seconds.
Native extension for WindowsStandalone target not found
Native extension for WebGL target not found
Refreshing native plugins compatible for Editor in 70.20 ms, found 1 plugins.
Preloading 0 native plugins for Editor in 0.00 ms.
Mono: successfully reloaded assembly
- Completed reload, in  1.624 seconds
Platform modules already initialized, skipping
Registering precompiled user dll's ...
Registered in 0.002644 seconds.
Begin MonoManager ReloadAssembly
Native extension for WindowsStandalone target not found
Native extension for WebGL target not found
Refreshing native plugins compatible for Editor in 0.55 ms, found 1 plugins.
Preloading 0 native plugins for Editor in 0.00 ms.
Mono: successfully reloaded assembly
- Completed reload, in  0.833 seconds
Platform modules already initialized, skipping
========================================================================
Worker process is ready to serve import requests
Launched and connected shader compiler UnityShaderCompiler.exe after 0.04 seconds
Refreshing native plugins compatible for Editor in 0.49 ms, found 1 plugins.
Preloading 0 native plugins for Editor in 0.00 ms.
Unloading 2667 Unused Serialized files (Serialized files now loaded: 0)
System memory in use before: 98.1 MB.
System memory in use after: 98.3 MB.

Unloading 15 unused Assets to reduce memory usage. Loaded Objects now: 3118.
Total: 2.775300 ms (FindLiveObjects: 0.502000 ms CreateObjectMapping: 0.151400 ms MarkObjects: 2.044500 ms  DeleteObjects: 0.075700 ms)

========================================================================
Received Import Request.
  path: Assets/Prefabs/Bullet.prefab
  artifactKey: Guid(b21e6175667481c428019142ba03bc9c) Importer(815301076,1909f56bfc062723c751e8b465ee728b)
Start importing Assets/Prefabs/Bullet.prefab using Guid(b21e6175667481c428019142ba03bc9c) Importer(815301076,1909f56bfc062723c751e8b465ee728b)  -> (artifact id: 'f948d959309cdeb02e710232ea47e2f3') in 0.212491 seconds 
========================================================================
Received Prepare
Refreshing native plugins compatible for Editor in 1.81 ms, found 1 plugins.
Preloading 0 native plugins for Editor in 0.00 ms.
Unloading 8 Unused Serialized files (Serialized files now loaded: 0)
System memory in use before: 49.1 MB.
System memory in use after: 49.3 MB.

Unloading 8 unused Assets to reduce memory usage. Loaded Objects now: 3126.
Total: 3.062500 ms (FindLiveObjects: 0.400200 ms CreateObjectMapping: 0.158000 ms MarkObjects: 2.441600 ms  DeleteObjects: 0.059700 ms)

========================================================================
Received Import Request.
  Time since last request: 53.539394 seconds.
  path: Assets/Scripts/Bullet.cs
  artifactKey: Guid(7033dc4122de0d04dbd3e4572285b1e3) Importer(815301076,1909f56bfc062723c751e8b465ee728b)
Start importing Assets/Scripts/Bullet.cs using Guid(7033dc4122de0d04dbd3e4572285b1e3) Importer(815301076,1909f56bfc062723c751e8b465ee728b)  -> (artifact id: '3c0617f54bb704d8322c7fe6659e3965') in 0.122430 seconds 
========================================================================
Received Prepare
Registering precompiled user dll's ...
Registered in 0.002596 seconds.
Begin MonoManager ReloadAssembly
Native extension for WindowsStandalone target not found
Native extension for WebGL target not found
Refreshing native plugins compatible for Editor in 0.74 ms, found 1 plugins.
Preloading 0 native plugins for Editor in 0.00 ms.
Mono: successfully reloaded assembly
- Completed reload, in  0.796 seconds
Platform modules already initialized, skipping
Refreshing native plugins compatible for Editor in 0.56 ms, found 1 plugins.
Preloading 0 native plugins for Editor in 0.00 ms.
Unloading 2662 Unused Serialized files (Serialized files now loaded: 0)
System memory in use before: 101.8 MB.
System memory in use after: 102.0 MB.

Unloading 10 unused Assets to reduce memory usage. Loaded Objects now: 3129.
Total: 3.502400 ms (FindLiveObjects: 0.466000 ms CreateObjectMapping: 0.089600 ms MarkObjects: 2.887500 ms  DeleteObjects: 0.057700 ms)

========================================================================
Received Import Request.
  Time since last request: 57.276654 seconds.
  path: Assets/Scripts/Bullet.cs
  artifactKey: Guid(7033dc4122de0d04dbd3e4572285b1e3) Importer(815301076,1909f56bfc062723c751e8b465ee728b)
Start importing Assets/Scripts/Bullet.cs using Guid(7033dc4122de0d04dbd3e4572285b1e3) Importer(815301076,1909f56bfc062723c751e8b465ee728b)  -> (artifact id: '1e63f8d61156c8bf6fc1aeb9bc03c592') in 0.141072 seconds 
========================================================================
Received Prepare
Registering precompiled user dll's ...
Registered in 0.002575 seconds.
Begin MonoManager ReloadAssembly
Native extension for WindowsStandalone target not found
Native extension for WebGL target not found
Refreshing native plugins compatible for Editor in 0.50 ms, found 1 plugins.
Preloading 0 native plugins for Editor in 0.00 ms.
Mono: successfully reloaded assembly
- Completed reload, in  0.782 seconds
Platform modules already initialized, skipping
Refreshing native plugins compatible for Editor in 0.49 ms, found 1 plugins.
Preloading 0 native plugins for Editor in 0.00 ms.
Unloading 2662 Unused Serialized files (Serialized files now loaded: 0)
System memory in use before: 101.8 MB.
System memory in use after: 102.0 MB.

Unloading 10 unused Assets to reduce memory usage. Loaded Objects now: 3132.
Total: 2.545100 ms (FindLiveObjects: 0.339300 ms CreateObjectMapping: 0.128500 ms MarkObjects: 2.030800 ms  DeleteObjects: 0.045100 ms)

========================================================================
Received Import Request.
  Time since last request: 22.553424 seconds.
  path: Assets/Scripts/Bullet.cs
  artifactKey: Guid(7033dc4122de0d04dbd3e4572285b1e3) Importer(815301076,1909f56bfc062723c751e8b465ee728b)
Start importing Assets/Scripts/Bullet.cs using Guid(7033dc4122de0d04dbd3e4572285b1e3) Importer(815301076,1909f56bfc062723c751e8b465ee728b)  -> (artifact id: '8ab36e24417b2b6d73f8d3f3286d9364') in 0.130776 seconds 
========================================================================
Received Prepare
Registering precompiled user dll's ...
Registered in 0.002623 seconds.
Begin MonoManager ReloadAssembly
Native extension for WindowsStandalone target not found
Native extension for WebGL target not found
Refreshing native plugins compatible for Editor in 0.51 ms, found 1 plugins.
Preloading 0 native plugins for Editor in 0.00 ms.
Mono: successfully reloaded assembly
- Completed reload, in  0.794 seconds
Platform modules already initialized, skipping
Refreshing native plugins compatible for Editor in 0.53 ms, found 1 plugins.
Preloading 0 native plugins for Editor in 0.00 ms.
Unloading 2662 Unused Serialized files (Serialized files now loaded: 0)
System memory in use before: 101.9 MB.
System memory in use after: 102.1 MB.

Unloading 10 unused Assets to reduce memory usage. Loaded Objects now: 3135.
Total: 3.699700 ms (FindLiveObjects: 0.516300 ms CreateObjectMapping: 0.203400 ms MarkObjects: 2.925100 ms  DeleteObjects: 0.052400 ms)

========================================================================
Received Import Request.
  Time since last request: 74.060473 seconds.
  path: Assets/Scripts/Bullet.cs
  artifactKey: Guid(7033dc4122de0d04dbd3e4572285b1e3) Importer(815301076,1909f56bfc062723c751e8b465ee728b)
Start importing Assets/Scripts/Bullet.cs using Guid(7033dc4122de0d04dbd3e4572285b1e3) Importer(815301076,1909f56bfc062723c751e8b465ee728b)  -> (artifact id: '7753285f95079320b2197a20645c99da') in 0.123482 seconds 
========================================================================
Received Prepare
Registering precompiled user dll's ...
Registered in 0.002500 seconds.
Begin MonoManager ReloadAssembly
Native extension for WindowsStandalone target not found
Native extension for WebGL target not found
Refreshing native plugins compatible for Editor in 0.53 ms, found 1 plugins.
Preloading 0 native plugins for Editor in 0.00 ms.
Mono: successfully reloaded assembly
- Completed reload, in  0.773 seconds
Platform modules already initialized, skipping
Refreshing native plugins compatible for Editor in 0.62 ms, found 1 plugins.
Preloading 0 native plugins for Editor in 0.00 ms.
Unloading 2662 Unused Serialized files (Serialized files now loaded: 0)
System memory in use before: 101.9 MB.
System memory in use after: 102.1 MB.

Unloading 10 unused Assets to reduce memory usage. Loaded Objects now: 3138.
Total: 3.131100 ms (FindLiveObjects: 0.548700 ms CreateObjectMapping: 0.272700 ms MarkObjects: 2.223300 ms  DeleteObjects: 0.084800 ms)

========================================================================
Received Prepare
Registering precompiled user dll's ...
Registered in 0.002587 seconds.
Begin MonoManager ReloadAssembly
Native extension for WindowsStandalone target not found
Native extension for WebGL target not found
Refreshing native plugins compatible for Editor in 0.51 ms, found 1 plugins.
Preloading 0 native plugins for Editor in 0.00 ms.
Mono: successfully reloaded assembly
- Completed reload, in  0.761 seconds
Platform modules already initialized, skipping
Refreshing native plugins compatible for Editor in 0.50 ms, found 1 plugins.
Preloading 0 native plugins for Editor in 0.00 ms.
Unloading 2662 Unused Serialized files (Serialized files now loaded: 0)
System memory in use before: 101.9 MB.
System memory in use after: 102.1 MB.

Unloading 10 unused Assets to reduce memory usage. Loaded Objects now: 3141.
Total: 2.365500 ms (FindLiveObjects: 0.308500 ms CreateObjectMapping: 0.109800 ms MarkObjects: 1.892400 ms  DeleteObjects: 0.053300 ms)

========================================================================
Received Prepare
Registering precompiled user dll's ...
Registered in 0.002462 seconds.
Begin MonoManager ReloadAssembly
Native extension for WindowsStandalone target not found
Native extension for WebGL target not found
Refreshing native plugins compatible for Editor in 0.50 ms, found 1 plugins.
Preloading 0 native plugins for Editor in 0.00 ms.
Mono: successfully reloaded assembly
- Completed reload, in  0.744 seconds
Platform modules already initialized, skipping
Refreshing native plugins compatible for Editor in 0.53 ms, found 1 plugins.
Preloading 0 native plugins for Editor in 0.00 ms.
Unloading 2662 Unused Serialized files (Serialized files now loaded: 0)
System memory in use before: 101.9 MB.
System memory in use after: 102.1 MB.

Unloading 10 unused Assets to reduce memory usage. Loaded Objects now: 3144.
Total: 2.276200 ms (FindLiveObjects: 0.289700 ms CreateObjectMapping: 0.072700 ms MarkObjects: 1.858600 ms  DeleteObjects: 0.053800 ms)

========================================================================
Received Prepare
Refreshing native plugins compatible for Editor in 1.67 ms, found 1 plugins.
Preloading 0 native plugins for Editor in 0.00 ms.
Unloading 8 Unused Serialized files (Serialized files now loaded: 0)
System memory in use before: 49.3 MB.
System memory in use after: 49.5 MB.

Unloading 8 unused Assets to reduce memory usage. Loaded Objects now: 3144.
Total: 2.304100 ms (FindLiveObjects: 0.361500 ms CreateObjectMapping: 0.131200 ms MarkObjects: 1.760900 ms  DeleteObjects: 0.048500 ms)

========================================================================
Received Prepare
Refreshing native plugins compatible for Editor in 1.60 ms, found 1 plugins.
Preloading 0 native plugins for Editor in 0.00 ms.
Unloading 8 Unused Serialized files (Serialized files now loaded: 0)
System memory in use before: 49.3 MB.
System memory in use after: 49.5 MB.

Unloading 8 unused Assets to reduce memory usage. Loaded Objects now: 3144.
Total: 3.450900 ms (FindLiveObjects: 0.551500 ms CreateObjectMapping: 0.184900 ms MarkObjects: 2.660700 ms  DeleteObjects: 0.052400 ms)

AssetImportWorkerClient::OnTransportError - code=2 error=End of file
